20:31:37 [[32minfo[39m] Outreach worker started — daily limit: 20, delay: 3000ms
20:48:48 [[32minfo[39m] Shutting down outreach workers...
20:48:50 [[32minfo[39m] Outreach worker started — daily limit: 20, delay: 3000ms
05:39:14 [[32minfo[39m] Daily cap: 20 | Sent today: 0 | Remaining: 20
05:39:14 [[31merror[39m] Fatal {"error":"Could not find the table 'public.outreach' in the schema cache"}
05:49:42 [[32minfo[39m] Daily cap: 20 | Sent today: 0 | Remaining: 20
05:49:42 [[31merror[39m] Fatal {"error":"Could not find the table 'public.outreach' in the schema cache"}
05:55:24 [[32minfo[39m] Daily cap: 20 | Sent today: 0 | Remaining: 20
05:55:25 [[31merror[39m] Fatal {"error":"Could not find the table 'public.outreach' in the schema cache"}
05:58:21 [[32minfo[39m] Daily cap: 20 | Sent today: 0 | Remaining: 20
05:58:21 [[31merror[39m] Fatal {"error":"column outreach.to_email does not exist"}
06:00:05 [[32minfo[39m] Daily cap: 20 | Sent today: 0 | Remaining: 20
06:00:06 [[32minfo[39m] Loaded 0 pending outreach records
06:13:31 [[32minfo[39m] Daily cap: 20 | Sent today: 0 | Remaining: 20
06:13:31 [[32minfo[39m] Loaded 1 pending outreach records
06:13:32 [[32minfo[39m] Enqueued 1 outreach jobs. Start worker: node src/queue/worker.js
22:13:32 [[31merror[39m] Outreach job outreach-a6736e2e-10c4-4e47-9e50-d5b77463da09 failed {"error":"supabaseUrl is required."}
06:13:37 [[32minfo[39m] Outreach worker started — daily limit: 20, delay: 3000ms
22:14:02 [[31merror[39m] Outreach job outreach-a6736e2e-10c4-4e47-9e50-d5b77463da09 failed {"error":"supabaseUrl is required."}
22:15:02 [[31merror[39m] Outreach job outreach-a6736e2e-10c4-4e47-9e50-d5b77463da09 failed {"error":"supabaseUrl is required."}
06:15:25 [[32minfo[39m] Outreach worker started — daily limit: 20, delay: 3000ms
22:16:31 [[32minfo[39m] Shutting down outreach workers...
22:16:32 [[32minfo[39m] Outreach worker started — daily limit: 20, delay: 3000ms
06:16:45 [[31merror[39m] Resend error {"to":"samgamoza@gmail.com","subject":"Sam's Auto Repair — we built you a free website","error":"The gmail.com domain is not verified. Please, add and verify your domain on https://resend.com/domains"}
06:16:45 [[31merror[39m] Outreach job outreach-a6736e2e-10c4-4e47-9e50-d5b77463da09 failed {"error":"Resend: The gmail.com domain is not verified. Please, add and verify your domain on https://resend.com/domains"}
22:17:23 [[32minfo[39m] Shutting down outreach workers...
22:17:25 [[32minfo[39m] Outreach worker started — daily limit: 20, delay: 3000ms
06:17:33 [[31merror[39m] Resend error {"to":"samgamoza@gmail.com","subject":"Sam's Auto Repair — we built you a free website","error":"The gmail.com domain is not verified. Please, add and verify your domain on https://resend.com/domains"}
06:17:33 [[31merror[39m] Outreach job outreach-a6736e2e-10c4-4e47-9e50-d5b77463da09 failed {"error":"Resend: The gmail.com domain is not verified. Please, add and verify your domain on https://resend.com/domains"}
22:26:06 [[32minfo[39m] Shutting down outreach workers...
22:26:08 [[32minfo[39m] Outreach worker started — daily limit: 20, delay: 3000ms
06:26:16 [[31merror[39m] Resend error {"to":"samgamoza@gmail.com","subject":"Sam's Auto Repair — we built you a free website","error":"The gmail.com domain is not verified. Please, add and verify your domain on https://resend.com/domains"}
06:26:16 [[31merror[39m] Outreach job outreach-a6736e2e-10c4-4e47-9e50-d5b77463da09 failed {"error":"Resend: The gmail.com domain is not verified. Please, add and verify your domain on https://resend.com/domains"}
06:26:45 [[32minfo[39m] Daily cap: 20 | Sent today: 0 | Remaining: 20
06:26:46 [[32minfo[39m] Loaded 1 pending outreach records
06:26:46 [[32minfo[39m] Enqueued 1 outreach jobs. Start worker: node src/queue/worker.js
06:26:47 [[31merror[39m] Resend error {"to":"samgamoza@gmail.com","subject":"Sam's Auto Repair — we built you a free website","error":"The gmail.com domain is not verified. Please, add and verify your domain on https://resend.com/domains"}
06:26:47 [[31merror[39m] Outreach job outreach-a6736e2e-10c4-4e47-9e50-d5b77463da09 failed {"error":"Resend: The gmail.com domain is not verified. Please, add and verify your domain on https://resend.com/domains"}
22:27:17 [[31merror[39m] Outreach job outreach-a6736e2e-10c4-4e47-9e50-d5b77463da09 failed {"error":"Node.js 20 detected without native WebSocket support.\n\nSuggested solution: For Node.js < 22, install \"ws\" package and provide it via the transport option:\nimport ws from \"ws\"\nnew RealtimeClient(url, { transport: ws })"}
06:27:25 [[31merror[39m] Resend error {"to":"samgamoza@gmail.com","subject":"Sam's Auto Repair — we built you a free website","error":"The gmail.com domain is not verified. Please, add and verify your domain on https://resend.com/domains"}
06:27:25 [[31merror[39m] Outreach job outreach-a6736e2e-10c4-4e47-9e50-d5b77463da09 failed {"error":"Resend: The gmail.com domain is not verified. Please, add and verify your domain on https://resend.com/domains"}
22:33:37 [[32minfo[39m] Shutting down outreach workers...
22:33:39 [[32minfo[39m] Outreach worker started — daily limit: 20, delay: 3000ms
06:33:47 [[32minfo[39m] Daily cap: 20 | Sent today: 0 | Remaining: 20
06:33:47 [[32minfo[39m] Loaded 1 pending outreach records
06:33:47 [[32minfo[39m] Enqueued 1 outreach jobs. Start worker: node src/queue/worker.js
06:33:48 [[31merror[39m] Resend error {"to":"samgamoza@gmail.com","subject":"Sam's Auto Repair — we built you a free website","error":"The gmail.com domain is not verified. Please, add and verify your domain on https://resend.com/domains"}
06:33:48 [[31merror[39m] Outreach job outreach-a6736e2e-10c4-4e47-9e50-d5b77463da09 failed {"error":"Resend: The gmail.com domain is not verified. Please, add and verify your domain on https://resend.com/domains"}
06:34:18 [[31merror[39m] Resend error {"to":"samgamoza@gmail.com","subject":"Sam's Auto Repair — we built you a free website","error":"The gmail.com domain is not verified. Please, add and verify your domain on https://resend.com/domains"}
06:34:18 [[31merror[39m] Outreach job outreach-a6736e2e-10c4-4e47-9e50-d5b77463da09 failed {"error":"Resend: The gmail.com domain is not verified. Please, add and verify your domain on https://resend.com/domains"}
06:35:05 [[32minfo[39m] Outreach worker started — daily limit: 20, delay: 3000ms
22:35:20 [[31merror[39m] Resend error {"to":"samgamoza@gmail.com","subject":"Sam's Auto Repair — we built you a free website","error":"You can only send testing emails to your own email address (kimpdlc24@gmail.com). To send emails to other recipients, please verify a domain at resend.com/domains, and change the `from` address to an email using this domain."}
22:35:20 [[31merror[39m] Outreach job outreach-a6736e2e-10c4-4e47-9e50-d5b77463da09 failed {"error":"Resend: You can only send testing emails to your own email address (kimpdlc24@gmail.com). To send emails to other recipients, please verify a domain at resend.com/domains, and change the `from` address to an email using this domain."}
06:37:41 [[32minfo[39m] Daily cap: 20 | Sent today: 0 | Remaining: 20
06:37:41 [[32minfo[39m] Loaded 1 pending outreach records
06:37:41 [[32minfo[39m] Enqueued 1 outreach jobs. Start worker: node src/queue/worker.js
06:37:42 [[31merror[39m] Resend error {"to":"kimpdlc24@gmail.com","subject":"Sam's Auto Repair — we built you a free website","error":"The gmail.com domain is not verified. Please, add and verify your domain on https://resend.com/domains"}
06:37:42 [[31merror[39m] Outreach job outreach-a6736e2e-10c4-4e47-9e50-d5b77463da09 failed {"error":"Resend: The gmail.com domain is not verified. Please, add and verify your domain on https://resend.com/domains"}
06:37:47 [[32minfo[39m] Outreach worker started — daily limit: 20, delay: 3000ms
06:38:10 [[32minfo[39m] Email sent → kimpdlc24@gmail.com {"id":"213c5842-28e1-4bb9-8fd3-e1b2f66f93f0","subject":"Sam's Auto Repair — we built you a free website"}
06:38:13 [[32minfo[39m] Sent outreach a6736e2e-10c4-4e47-9e50-d5b77463da09 → kimpdlc24@gmail.com
06:38:13 [[32minfo[39m] ✓ Outreach outreach-a6736e2e-10c4-4e47-9e50-d5b77463da09
06:38:54 [[32minfo[39m] Email sent → kimpdlc24@gmail.com {"id":"737890be-9cb0-4265-b769-4a9ef3762352","subject":"Sam's Auto Repair — we built you a free website"}
08:06:34 [[32minfo[39m] Email sent → kimpdlc24@gmail.com {"id":"761cb9b4-2253-4c70-bc5d-c5465431b686","subject":"Reyes Construction & Builders — Libre na website mula sa GUMA AI"}
08:06:34 [[32minfo[39m] Email sent → kimpdlc24@gmail.com {"id":"3d93a1c9-b488-49a5-ba39-42e38f57fd70","subject":"Glam Studio Beauty Salon — Libre na website mula sa GUMA AI"}
08:06:34 [[32minfo[39m] Email sent → kimpdlc24@gmail.com {"id":"5bfc0f47-09ae-4679-a215-d37d1ba8795b","subject":"Kape Lokal Coffee Shop — Libre na website mula sa GUMA AI"}
08:06:35 [[32minfo[39m] Email sent → kimpdlc24@gmail.com {"id":"d0f1bab4-9411-498d-9550-108ab7c966b3","subject":"MotoFix Repair Hub — Libre na website mula sa GUMA AI"}
08:06:36 [[32minfo[39m] Email sent → kimpdlc24@gmail.com {"id":"4aa44d68-064f-43a1-b11a-7024e9d7354c","subject":"Barber's Cut Classic Barbershop — Libre na website mula sa GUMA AI"}
08:06:36 [[32minfo[39m] Email sent → kimpdlc24@gmail.com {"id":"219fe0b8-3bc6-4d4d-9a1e-012a4c8e915d","subject":"Lola's Oven Local Bakery — Libre na website mula sa GUMA AI"}
